<?xml version="1.0" encoding="UTF-8"?>
<testsuite name="org.example.PracticeAppWsApplicationTests" tests="1" skipped="0" failures="0" errors="0" timestamp="2024-04-25T16:35:54" hostname="WARMACHINE" time="0.828">
  <properties/>
  <testcase name="contextLoads()" classname="org.example.PracticeAppWsApplicationTests" time="0.828"/>
  <system-out><![CDATA[22:05:52.243 [Test worker] INFO org.springframework.test.context.support.AnnotationConfigContextLoaderUtils -- Could not detect default configuration classes for test class [org.example.PracticeAppWsApplicationTests]: PracticeAppWsApplicationTests does not declare any static, non-private, non-final, nested classes annotated with @Configuration.
22:05:52.358 [Test worker] INFO org.springframework.boot.test.context.SpringBootTestContextBootstrapper -- Found @SpringBootConfiguration org.example.PracticeAppWsApplication for test class org.example.PracticeAppWsApplicationTests

  .   ____          _            __ _ _
 /\\ / ___'_ __ _ _(_)_ __  __ _ \ \ \ \
( ( )\___ | '_ | '_| | '_ \/ _` | \ \ \ \
 \\/  ___)| |_)| | | | | || (_| |  ) ) ) )
  '  |____| .__|_| |_|_| |_\__, | / / / /
 =========|_|==============|___/=/_/_/_/
 :: Spring Boot ::                (v3.2.5)

2024-04-25T22:05:52.843+05:30  INFO 27104 --- [practice-app-ws] [    Test worker] o.example.PracticeAppWsApplicationTests  : Starting PracticeAppWsApplicationTests using Java 17.0.10 with PID 27104 (started by aman1 in C:\Users\aman1\Desktop\twks\practice-app-ws)
2024-04-25T22:05:52.845+05:30  INFO 27104 --- [practice-app-ws] [    Test worker] o.example.PracticeAppWsApplicationTests  : No active profile set, falling back to 1 default profile: "default"
2024-04-25T22:05:54.459+05:30  INFO 27104 --- [practice-app-ws] [    Test worker] o.example.PracticeAppWsApplicationTests  : Started PracticeAppWsApplicationTests in 1.888 seconds (process running for 3.162)
]]></system-out>
  <system-err><![CDATA[]]></system-err>
</testsuite>
